This is pdfTeX, Version 3.1415926-2.5-1.40.14 (MiKTeX 2.9) (preloaded format=pdflatex 2013.12.8)  8 MAY 2016 21:44
entering extended mode
**D:/–ö—Ä–∏–ø—Ç–æ–ª–æ–≥—ñ—è/–ö—É—Ä—Å–æ–≤–∞*—Ä–æ–±–æ—Ç–∞*4*–∫—É—Ä—Å/–ö—É—Ä—Å–æ–≤
–∞*—Ä–æ–±–æ—Ç–∞/Zvit.tex

("D:/–ö—Ä–∏–ø—Ç–æ–ª–æ–≥—ñ—è/–ö—É—Ä—Å–æ–≤–∞ —Ä–æ–±–æ—Ç–∞ 4 –∫—É—Ä—Å/–ö—É—Ä—Å–æ–≤
–∞ —Ä–æ–±–æ—Ç–∞/Zvit.tex"
LaTeX2e <2011/06/27>
Babel <v3.8m> and hyphenation patterns for english, afrikaans, ancientgreek, ar
abic, armenian, assamese, basque, bengali, bokmal, bulgarian, catalan, coptic, 
croatian, czech, danish, dutch, esperanto, estonian, farsi, finnish, french, ga
lician, german, german-x-2013-05-26, greek, gujarati, hindi, hungarian, iceland
ic, indonesian, interlingua, irish, italian, kannada, kurmanji, latin, latvian,
 lithuanian, malayalam, marathi, mongolian, mongolianlmc, monogreek, ngerman, n
german-x-2013-05-26, nynorsk, oriya, panjabi, pinyin, polish, portuguese, roman
ian, russian, sanskrit, serbian, slovak, slovenian, spanish, swedish, swissgerm
an, tamil, telugu, turkish, turkmen, ukenglish, ukrainian, uppersorbian, usengl
ishmax, welsh, loaded.
(D:\Full_TeX\texmf\tex\latex\base\article.cls
Document Class: article 2007/10/19 v1.4h Standard LaTeX document class
(D:\Full_TeX\texmf\tex\latex\base\size12.clo
File: size12.clo 2007/10/19 v1.4h Standard LaTeX file (size option)
)
\c@part=\count79
\c@section=\count80
\c@subsection=\count81
\c@subsubsection=\count82
\c@paragraph=\count83
\c@subparagraph=\count84
\c@figure=\count85
\c@table=\count86
\abovecaptionskip=\skip41
\belowcaptionskip=\skip42
\bibindent=\dimen102
)
(D:\Full_TeX\texmf\tex\generic\babel\babel.sty
Package: babel 2008/07/08 v3.8m The Babel package

*************************************
* Local config file bblopts.cfg used
*
(D:\Full_TeX\texmf\tex\latex\00miktex\bblopts.cfg
File: bblopts.cfg 2006/07/31 v1.0 MiKTeX 'babel' configuration
)
(D:\Full_TeX\texmf\tex\generic\babel\english.ldf
Language: english 2005/03/30 v3.3o English support from the babel system

(D:\Full_TeX\texmf\tex\generic\babel\babel.def
File: babel.def 2008/07/08 v3.8m Babel common definitions
\babel@savecnt=\count87
\U@D=\dimen103
)
\l@canadian = a dialect from \language\l@american 
\l@australian = a dialect from \language\l@british 
\l@newzealand = a dialect from \language\l@british 
)
(D:\Full_TeX\texmf\tex\generic\babel\russianb.ldf
Language: russianb 2008/03/21 v1.1r Russian support from the babel system

(D:\Full_TeX\texmf\tex\latex\cyrillic\t2aenc.def
File: t2aenc.def 2005/09/27 v1.0i Cyrillic encoding definition file
)

Package babel Warning: No input encoding specified for Russian language on inpu
t line 136.

Package babel Info: Making " an active character on input line 199.
) (D:\Full_TeX\texmf\tex\generic\babel\ukraineb.ldf
Language: ukraineb 2008/03/21 v1.1l Ukrainian support from the babel system
LaTeX Info: Redefining \English on input line 102.


Package babel Warning: No input encoding specified for Ukrainian language on in
put line 136.

LaTeX Info: Redefining \textcyrillic on input line 138.
LaTeX Info: Redefining \No on input line 299.
)) (D:\Full_TeX\texmf\tex\latex\base\inputenc.sty
Package: inputenc 2008/03/30 v1.1d Input encoding file
\inpenc@prehook=\toks14
\inpenc@posthook=\toks15

(D:\Full_TeX\texmf\tex\latex\cyrillic\cp1251.def
File: cp1251.def 1999/11/16 v1.0d Input encoding file
))
(D:\Full_TeX\texmf\tex\latex\graphics\graphics.sty
Package: graphics 2009/02/05 v1.0o Standard LaTeX Graphics (DPC,SPQR)

(D:\Full_TeX\texmf\tex\latex\graphics\trig.sty
Package: trig 1999/03/16 v1.09 sin cos tan (DPC)
)
(D:\Full_TeX\texmf\tex\latex\00miktex\graphics.cfg
File: graphics.cfg 2007/01/18 v1.5 graphics configuration of teTeX/TeXLive
)
Package graphics Info: Driver file: pdftex.def on input line 91.

(D:\Full_TeX\texmf\tex\latex\pdftex-def\pdftex.def
File: pdftex.def 2011/05/27 v0.06d Graphics/color for pdfTeX

(D:\Full_TeX\texmf\tex\generic\oberdiek\infwarerr.sty
Package: infwarerr 2010/04/08 v1.3 Providing info/warning/error messages (HO)
)
(D:\Full_TeX\texmf\tex\generic\oberdiek\ltxcmds.sty
Package: ltxcmds 2011/11/09 v1.22 LaTeX kernel commands for general use (HO)
)
\Gread@gobject=\count88
))
(D:\Full_TeX\texmf\tex\latex\graphics\graphicx.sty
Package: graphicx 1999/02/16 v1.0f Enhanced LaTeX Graphics (DPC,SPQR)

(D:\Full_TeX\texmf\tex\latex\graphics\keyval.sty
Package: keyval 1999/03/16 v1.13 key=value parser (DPC)
\KV@toks@=\toks16
)
\Gin@req@height=\dimen104
\Gin@req@width=\dimen105
)
(D:\Full_TeX\texmf\tex\latex\amsmath\amsmath.sty
Package: amsmath 2013/01/14 v2.14 AMS math features
\@mathmargin=\skip43

For additional information on amsmath, use the `?' option.
(D:\Full_TeX\texmf\tex\latex\amsmath\amstext.sty
Package: amstext 2000/06/29 v2.01

(D:\Full_TeX\texmf\tex\latex\amsmath\amsgen.sty
File: amsgen.sty 1999/11/30 v2.0
\@emptytoks=\toks17
\ex@=\dimen106
))
(D:\Full_TeX\texmf\tex\latex\amsmath\amsbsy.sty
Package: amsbsy 1999/11/29 v1.2d
\pmbraise@=\dimen107
)
(D:\Full_TeX\texmf\tex\latex\amsmath\amsopn.sty
Package: amsopn 1999/12/14 v2.01 operator names
)
\inf@bad=\count89
LaTeX Info: Redefining \frac on input line 210.
\uproot@=\count90
\leftroot@=\count91
LaTeX Info: Redefining \overline on input line 306.
\classnum@=\count92
\DOTSCASE@=\count93
LaTeX Info: Redefining \ldots on input line 378.
LaTeX Info: Redefining \dots on input line 381.
LaTeX Info: Redefining \cdots on input line 466.
\Mathstrutbox@=\box26
\strutbox@=\box27
\big@size=\dimen108
LaTeX Font Info:    Redeclaring font encoding OML on input line 566.
LaTeX Font Info:    Redeclaring font encoding OMS on input line 567.
\macc@depth=\count94
\c@MaxMatrixCols=\count95
\dotsspace@=\muskip10
\c@parentequation=\count96
\dspbrk@lvl=\count97
\tag@help=\toks18
\row@=\count98
\column@=\count99
\maxfields@=\count100
\andhelp@=\toks19
\eqnshift@=\dimen109
\alignsep@=\dimen110
\tagshift@=\dimen111
\tagwidth@=\dimen112
\totwidth@=\dimen113
\lineht@=\dimen114
\@envbody=\toks20
\multlinegap=\skip44
\multlinetaggap=\skip45
\mathdisplay@stack=\toks21
LaTeX Info: Redefining \[ on input line 2665.
LaTeX Info: Redefining \] on input line 2666.
)
(D:\Full_TeX\texmf\tex\latex\amsfonts\amssymb.sty
Package: amssymb 2013/01/14 v3.01 AMS font symbols

(D:\Full_TeX\texmf\tex\latex\amsfonts\amsfonts.sty
Package: amsfonts 2013/01/14 v3.01 Basic AMSFonts support
\symAMSa=\mathgroup4
\symAMSb=\mathgroup5
LaTeX Font Info:    Overwriting math alphabet `\mathfrak' in version `bold'
(Font)                  U/euf/m/n --> U/euf/b/n on input line 106.
))
(D:\Full_TeX\texmf\tex\latex\tools\array.sty
Package: array 2008/09/09 v2.4c Tabular extension package (FMi)
\col@sep=\dimen115
\extrarowheight=\dimen116
\NC@list=\toks22
\extratabsurround=\skip46
\backup@length=\skip47
)
(D:\Full_TeX\texmf\tex\latex\t2\misccorr.sty
Package: misccorr 1999/09/23 v0.1 misc corrections for russian typesetting

(D:\Full_TeX\texmf\tex\latex\tools\enumerate.sty
Package: enumerate 1999/03/05 v3.00 enumerate extensions (DPC)
\@enLab=\toks23
)
\c@rlistctr=\count101
)
(D:\Full_TeX\texmf\tex\latex\tools\indentfirst.sty
Package: indentfirst 1995/11/23 v1.03 Indent first paragraph (DPC)
)
("D:\–ö—Ä–∏–ø—Ç–æ–ª–æ–≥—ñ—è\–ö—É—Ä—Å–æ–≤–∞ —Ä–æ–±–æ—Ç–∞ 4 –∫—É—Ä—Å\–ö—É—Ä—Å–æ–≤
–∞ —Ä–æ–±–æ—Ç–∞\Zvit.aux"
LaTeX Font Info:    Try loading font information for T2A+cmr on input line 3.
 (D:\Full_TeX\texmf\tex\latex\cyrillic\t2acmr.fd
File: t2acmr.fd 2001/08/11 v1.0a Computer Modern Cyrillic font definitions
)

LaTeX Warning: Label `Author' multiply defined.


LaTeX Warning: Label `Author' multiply defined.


LaTeX Warning: Label `Author' multiply defined.

)
LaTeX Font Info:    Checking defaults for OML/cmm/m/it on input line 28.
LaTeX Font Info:    ... okay on input line 28.
LaTeX Font Info:    Checking defaults for T1/cmr/m/n on input line 28.
LaTeX Font Info:    ... okay on input line 28.
LaTeX Font Info:    Checking defaults for OT1/cmr/m/n on input line 28.
LaTeX Font Info:    ... okay on input line 28.
LaTeX Font Info:    Checking defaults for OMS/cmsy/m/n on input line 28.
LaTeX Font Info:    ... okay on input line 28.
LaTeX Font Info:    Checking defaults for OMX/cmex/m/n on input line 28.
LaTeX Font Info:    ... okay on input line 28.
LaTeX Font Info:    Checking defaults for U/cmr/m/n on input line 28.
LaTeX Font Info:    ... okay on input line 28.
LaTeX Font Info:    Checking defaults for T2A/cmr/m/n on input line 28.
LaTeX Font Info:    ... okay on input line 28.
 (D:\Full_TeX\texmf\tex\context\base\supp-pdf.mkii
[Loading MPS to PDF converter (version 2006.09.02).]
\scratchcounter=\count102
\scratchdimen=\dimen117
\scratchbox=\box28
\nofMPsegments=\count103
\nofMParguments=\count104
\everyMPshowfont=\toks24
\MPscratchCnt=\count105
\MPscratchDim=\dimen118
\MPnumerator=\count106
\makeMPintoPDFobject=\count107
\everyMPtoPDFconversion=\toks25
)
LaTeX Font Info:    Try loading font information for U+msa on input line 50.
 (D:\Full_TeX\texmf\tex\latex\amsfonts\umsa.fd
File: umsa.fd 2013/01/14 v3.01 AMS symbols A
)
LaTeX Font Info:    Try loading font information for U+msb on input line 50.

(D:\Full_TeX\texmf\tex\latex\amsfonts\umsb.fd
File: umsb.fd 2013/01/14 v3.01 AMS symbols B
)
Underfull \hbox (badness 10000) in paragraph at lines 43--57

 []

[1

{D:/Full_TeX/texmf/pdftex/config/pdftex.map}]
("D:\–ö—Ä–∏–ø—Ç–æ–ª–æ–≥—ñ—è\–ö—É—Ä—Å–æ–≤–∞ —Ä–æ–±–æ—Ç–∞ 4 –∫—É—Ä—Å\–ö—É—Ä—Å–æ–≤
–∞ —Ä–æ–±–æ—Ç–∞\Zvit.toc")
\tf@toc=\write3
 [2] <50.png, id=16, 593.21625pt x 310.15875pt>
File: 50.png Graphic file (type png)

<use 50.png>
Package pdftex.def Info: 50.png used on input line 77.
(pdftex.def)             Requested size: 355.9325pt x 186.09668pt.
 [3 <D:/–ö—Ä–∏–ø—Ç–æ–ª–æ–≥—ñ—è/–ö—É—Ä—Å–æ–≤–∞ —Ä–æ–±–æ—Ç–∞ 4 –∫—É—Ä—Å/–ö—É—Ä—Å–
æ–≤–∞ —Ä–æ–±–æ—Ç–∞/50.png>]
<1.png, id=22, 236.38312pt x 108.405pt>
File: 1.png Graphic file (type png)
 <use 1.png>
Package pdftex.def Info: 1.png used on input line 105.
(pdftex.def)             Requested size: 236.38254pt x 108.40472pt.
 [4 <D:/–ö—Ä–∏–ø—Ç–æ–ª–æ–≥—ñ—è/–ö—É—Ä—Å–æ–≤–∞ —Ä–æ–±–æ—Ç–∞ 4 –∫—É—Ä—Å/–ö—É—Ä—Å–
æ–≤–∞ —Ä–æ–±–æ—Ç–∞/1.png>]
[5]

LaTeX Warning: Command \flqq invalid in math mode on input line 164.


LaTeX Warning: Command \flqq invalid in math mode on input line 164.


LaTeX Warning: Command \frqq invalid in math mode on input line 164.


LaTeX Warning: Command \frqq invalid in math mode on input line 164.

[6] [7] [8]
LaTeX Font Info:    Try loading font information for OMS+cmr on input line 316.

 (D:\Full_TeX\texmf\tex\latex\base\omscmr.fd
File: omscmr.fd 1999/05/25 v2.5h Standard LaTeX font definitions
)
LaTeX Font Info:    Font shape `OMS/cmr/m/n' in size <12> not available
(Font)              Font shape `OMS/cmsy/m/n' tried instead on input line 316.
 [9] [10] [11]
<51.png, id=55, 444.91219pt x 171.64125pt>
File: 51.png Graphic file (type png)
 <use 51.png>
Package pdftex.def Info: 51.png used on input line 376.
(pdftex.def)             Requested size: 355.93022pt x 137.31316pt.
 [12]
<52.png, id=59, 216.81pt x 140.02313pt>
File: 52.png Graphic file (type png)
 <use 52.png>
Package pdftex.def Info: 52.png used on input line 394.
(pdftex.def)             Requested size: 173.44823pt x 112.01865pt.
 [13 <D:/–ö—Ä–∏–ø—Ç–æ–ª–æ–≥—ñ—è/–ö—É—Ä—Å–æ–≤–∞ —Ä–æ–±–æ—Ç–∞ 4 –∫—É—Ä—Å/–ö—É—Ä—Å
–æ–≤–∞ —Ä–æ–±–æ—Ç–∞/51.png> <D:/–ö—Ä–∏–ø—Ç–æ–ª–æ–≥—ñ—è/–ö—É—Ä—Å–æ–≤–∞ —Ä–æ–±–æ—
Ç–∞ 4 –∫—É—Ä—Å/–ö—É—Ä—Å–æ–≤–∞ —Ä–æ–±–æ—Ç–∞/52.png>] [14]
Underfull \hbox (badness 10000) in paragraph at lines 454--456

 []


Underfull \hbox (badness 10000) in paragraph at lines 457--459

 []


Underfull \hbox (badness 10000) in paragraph at lines 460--461

 []

<53.png, id=71, 218.31563pt x 255.20343pt>
File: 53.png Graphic file (type png)
 <use 53.png>
Package pdftex.def Info: 53.png used on input line 462.
(pdftex.def)             Requested size: 174.65273pt x 204.16301pt.

Underfull \hbox (badness 10000) in paragraph at lines 467--469

 []

[15 <D:/–ö—Ä–∏–ø—Ç–æ–ª–æ–≥—ñ—è/–ö—É—Ä—Å–æ–≤–∞ —Ä–æ–±–æ—Ç–∞ 4 –∫—É—Ä—Å/–ö—É—Ä—Å–
æ–≤–∞ —Ä–æ–±–æ—Ç–∞/53.png>] [16]
Underfull \hbox (badness 10000) in paragraph at lines 519--521

 []


Underfull \hbox (badness 10000) in paragraph at lines 522--524

 []

[17]
Underfull \hbox (badness 10000) in paragraph at lines 528--530

 []


Underfull \hbox (badness 10000) in paragraph at lines 531--533

 []

[18] [19] [20]
("D:\–ö—Ä–∏–ø—Ç–æ–ª–æ–≥—ñ—è\–ö—É—Ä—Å–æ–≤–∞ —Ä–æ–±–æ—Ç–∞ 4 –∫—É—Ä—Å\–ö—É—Ä—Å–æ–≤
–∞ —Ä–æ–±–æ—Ç–∞\Zvit.aux")

LaTeX Warning: There were multiply-defined labels.

 ) 
Here is how much of TeX's memory you used:
 3048 strings out of 493921
 37130 string characters out of 3150556
 97597 words of memory out of 3000000
 6275 multiletter control sequences out of 15000+200000
 18847 words of font info for 49 fonts, out of 3000000 for 9000
 841 hyphenation exceptions out of 8191
 27i,15n,26p,1048b,250s stack positions out of 5000i,500n,10000p,200000b,50000s
{D:/Full_TeX/texmf/fonts/enc/dvips/cm-super/cm-super-t2a.enc}<D:/Full_TeX/tex
mf/fonts/type1/public/amsfonts/cm/cmex10.pfb><D:/Full_TeX/texmf/fonts/type1/pub
lic/amsfonts/cm/cmmi12.pfb><D:/Full_TeX/texmf/fonts/type1/public/amsfonts/cm/cm
mi6.pfb><D:/Full_TeX/texmf/fonts/type1/public/amsfonts/cm/cmmi8.pfb><D:/Full_Te
X/texmf/fonts/type1/public/amsfonts/cm/cmr12.pfb><D:/Full_TeX/texmf/fonts/type1
/public/amsfonts/cm/cmr6.pfb><D:/Full_TeX/texmf/fonts/type1/public/amsfonts/cm/
cmr8.pfb><D:/Full_TeX/texmf/fonts/type1/public/amsfonts/cm/cmsy10.pfb><D:/Full_
TeX/texmf/fonts/type1/public/amsfonts/cm/cmsy6.pfb><D:/Full_TeX/texmf/fonts/typ
e1/public/amsfonts/cm/cmsy8.pfb><D:/Full_TeX/texmf/fonts/type1/public/cm-super/
sfbx1200.pfb><D:/Full_TeX/texmf/fonts/type1/public/cm-super/sfbx1440.pfb><D:/Fu
ll_TeX/texmf/fonts/type1/public/cm-super/sfbx1728.pfb><D:/Full_TeX/texmf/fonts/
type1/public/cm-super/sfrm1095.pfb><D:/Full_TeX/texmf/fonts/type1/public/cm-sup
er/sfrm1200.pfb><D:/Full_TeX/texmf/fonts/type1/public/cm-super/sfrm1728.pfb><D:
/Full_TeX/texmf/fonts/type1/public/cm-super/sfsl1200.pfb><D:/Full_TeX/texmf/fon
ts/type1/public/cm-super/sfti1200.pfb>
Output written on Zvit.pdf (20 pages, 358118 bytes).
PDF statistics:
 151 PDF objects out of 1000 (max. 8388607)
 0 named destinations out of 1000 (max. 500000)
 26 words of extra memory for PDF output out of 10000 (max. 10000000)

